[2018-04-05 15:40:17] Laboration 1.INFO: hello oscar! what a beautiful name [] []
[2018-04-05 15:43:38] Laboration 1.INFO: hello ! what a beautiful name [] []
[2018-04-05 15:46:15] Laboration 1.INFO: hello oscar! what a beautiful name [] []
[2018-04-05 15:47:54] Laboration 1.INFO: hello ! what a beautiful name [] []
[2018-04-05 15:52:20] Laboration 1.INFO: hello oscar! what a beautiful name [] []
[2018-04-08 18:57:03] Laboration 1.INFO: hello ! what a beautiful name [] []
[2018-04-08 19:55:02] Laboration 1.INFO: hello oscar! what a beautiful name [] []
[2018-04-08 19:55:19] Laboration 1.INFO: hello ! what a beautiful name [] []
[2018-04-08 19:55:26] Laboration 1.INFO: hello ! what a beautiful name [] []
[2018-04-08 19:55:29] Laboration 1.INFO: hello oscar! what a beautiful name [] []
[2018-04-08 22:08:02] Laboration 1.INFO: hello oscar! what a beautiful name [] []
[2018-04-08 22:08:49] Laboration 1.INFO: hello oscar! what a beautiful name [] []
[2018-04-08 22:10:28] Laboration 1.INFO: hello oscar! what a beautiful name [] []
[2018-04-08 22:10:36] Laboration 1.INFO: hello oscar! what a beautiful name [] []
[2018-04-08 22:10:37] Laboration 1.INFO: hello oscar! what a beautiful name [] []
[2018-04-08 22:13:29] Laboration 1.INFO: hello oscar! what a beautiful name [] []
[2018-04-08 22:17:30] Laboration 1.INFO: hello oscar! what a beautiful name [] []
[2018-04-08 22:18:06] Laboration 1.INFO: hello oscar! what a beautiful name [] []
[2018-04-08 22:25:37] Laboration 1.INFO: hello oscar! what a beautiful name [] []
[2018-04-08 22:26:09] Laboration 1.INFO: hello oscar! what a beautiful name [] []
[2018-04-08 22:28:34] Laboration 1.INFO: hello oscar! what a beautiful name [] []
[2018-04-08 22:28:38] Laboration 1.INFO: hello oscar! what a beautiful name [] []
[2018-04-08 22:30:02] Laboration 1.INFO: hello oscar! what a beautiful name [] []
[2018-04-08 22:34:38] Laboration 1.INFO: hello oscar! what a beautiful name [] []
[2018-04-08 22:36:26] Laboration 1.INFO: hello oscar! what a beautiful name [] []
[2018-04-08 22:38:30] Laboration 1.INFO: hello oscar! what a beautiful name [] []
[2018-04-08 22:38:52] Laboration 1.INFO: hello oscar! what a beautiful name [] []
[2018-04-08 22:39:34] Laboration 1.INFO: hello oscar! what a beautiful name [] []
[2018-04-08 22:48:19] Laboration 1.INFO: hello oscar! what a beautiful name [] []
[2018-04-08 22:51:42] Laboration 1.INFO: hello oscar! what a beautiful name [] []
[2018-04-08 22:52:42] Laboration 1.INFO: hello oscar! what a beautiful name [] []
[2018-04-08 22:58:40] Laboration 1.INFO: hello oscar! what a beautiful name [] []
[2018-04-08 22:59:11] Laboration 1.INFO: hello oscar! what a beautiful name [] []
[2018-04-08 23:02:27] Laboration 1.INFO: hello oscar! what a beautiful name [] []
[2018-04-08 23:03:17] Laboration 1.INFO: hello oscar! what a beautiful name [] []
[2018-04-08 23:03:47] Laboration 1.INFO: hello oscar! what a beautiful name [] []
[2018-04-08 23:03:58] Laboration 1.INFO: hello oscar! what a beautiful name [] []
[2018-04-08 23:04:59] Laboration 1.INFO: hello oscar! what a beautiful name [] []
[2018-04-08 23:05:02] Laboration 1.INFO: hello oscar! what a beautiful name [] []
[2018-04-08 23:07:17] Laboration 1.INFO: hello oscar! what a beautiful name [] []
[2018-04-08 23:07:21] Laboration 1.INFO: hello oscar! what a beautiful name [] []
[2018-04-08 23:08:56] Laboration 1.INFO: hello oscar! what a beautiful name [] []
[2018-04-08 23:09:00] Laboration 1.INFO: hello oscar! what a beautiful name [] []
[2018-04-08 23:09:44] Laboration 1.INFO: hello oscar! what a beautiful name [] []
[2018-04-08 23:10:07] Laboration 1.INFO: hello oscar! what a beautiful name [] []
[2018-04-08 23:14:43] Laboration 1.INFO: hello oscar! what a beautiful name [] []
[2018-04-08 23:15:21] Laboration 1.INFO: hello oscar! what a beautiful name [] []
[2018-04-08 23:15:41] Laboration 1.INFO: hello oscar! what a beautiful name [] []
[2018-04-08 23:17:20] Laboration 1.INFO: hello oscar! what a beautiful name [] []
[2018-04-08 23:17:43] Laboration 1.INFO: hello oscar! what a beautiful name [] []
[2018-04-08 23:23:56] Laboration 1.INFO: hello oscar! what a beautiful name [] []
[2018-04-08 23:26:03] Laboration 1.INFO: hello oscar! what a beautiful name [] []
[2018-04-08 23:26:29] Laboration 1.INFO: hello oscar! what a beautiful name [] []
[2018-04-09 21:58:32] Laboration 1.INFO: hello oscar! what a beautiful name [] []
[2018-04-09 22:00:30] Laboration 1.INFO: hello oscar! what a beautiful name [] []
[2018-04-09 22:14:12] Laboration 1.INFO: hello oscar! what a beautiful name [] []
[2018-04-09 22:15:40] Laboration 1.INFO: hello oscar! what a beautiful name [] []
[2018-04-09 22:22:14] Laboration 1.INFO: hello oscar! what a beautiful name [] []
[2018-04-09 22:29:02] Laboration 1.INFO: hello oscar! what a beautiful name [] []
[2018-04-09 22:35:38] Laboration 1.INFO: hello oscar! what a beautiful name [] []
[2018-04-09 22:35:58] Laboration 1.INFO: hello oscar! what a beautiful name [] []
[2018-04-09 22:37:38] Laboration 1.INFO: hello oscar! what a beautiful name [] []
[2018-04-09 22:37:56] Laboration 1.INFO: hello oscar! what a beautiful name [] []
[2018-04-09 22:38:44] Laboration 1.INFO: hello oscar! what a beautiful name [] []
[2018-04-09 22:40:24] Laboration 1.INFO: hello oscar! what a beautiful name [] []
[2018-04-09 22:40:57] Laboration 1.INFO: hello oscar! what a beautiful name [] []
[2018-04-09 23:06:27] Laboration 1.INFO: hello oscar! what a beautiful name [] []
[2018-04-09 23:06:50] Laboration 1.INFO: hello oscar! what a beautiful name [] []
[2018-04-09 23:09:41] Laboration 1.INFO: hello oscar! what a beautiful name [] []
[2018-04-09 23:10:09] Laboration 1.INFO: hello oscar! what a beautiful name [] []
[2018-04-09 23:16:11] Laboration 1.INFO: hello oscar! what a beautiful name [] []
[2018-04-09 23:19:42] Laboration 1.INFO: hello oscar! what a beautiful name [] []
[2018-04-09 23:22:56] Laboration 1.INFO: hello oscar! what a beautiful name [] []
[2018-04-09 23:23:47] Laboration 1.INFO: hello oscar! what a beautiful name [] []
[2018-04-09 23:24:45] Laboration 1.INFO: hello oscar! what a beautiful name [] []
[2018-04-09 23:25:59] Laboration 1.INFO: hello oscar! what a beautiful name [] []
[2018-04-09 23:26:52] Laboration 1.INFO: hello oscar! what a beautiful name [] []
[2018-04-09 23:28:12] Laboration 1.INFO: hello oscar! what a beautiful name [] []
[2018-04-09 23:29:22] Laboration 1.INFO: hello oscar! what a beautiful name [] []
[2018-04-09 23:35:19] Laboration 1.INFO: hello oscar! what a beautiful name [] []
[2018-04-09 23:37:27] Laboration 1.INFO: hello oscar! what a beautiful name [] []
[2018-04-09 23:39:13] Laboration 1.INFO: hello oscar! what a beautiful name [] []
[2018-04-09 23:55:46] Laboration 1.INFO: hello oscar! what a beautiful name [] []
[2018-04-10 00:00:30] Laboration 1.INFO: hello oscar! what a beautiful name [] []
[2018-04-10 00:07:35] Laboration 1.INFO: hello oscar! what a beautiful name [] []
[2018-04-10 00:08:24] Laboration 1.INFO: hello oscar! what a beautiful name [] []
[2018-04-10 00:09:48] Laboration 1.INFO: hello oscar! what a beautiful name [] []
[2018-04-10 00:10:27] Laboration 1.INFO: hello oscar! what a beautiful name [] []
[2018-04-10 00:14:13] Laboration 1.INFO: hello oscar! what a beautiful name [] []
[2018-04-10 00:17:08] Laboration 1.INFO: hello oscar! what a beautiful name [] []
[2018-04-11 10:55:20] Laboration 1.INFO: hello oscar! what a beautiful name [] []
[2018-04-11 11:08:08] Laboration 1.INFO: hello oscar! what a beautiful name [] []
[2018-04-11 11:10:15] Laboration 1.INFO: hello oscar! what a beautiful name [] []
[2018-04-11 11:15:52] Laboration 1.INFO: hello oscar! what a beautiful name [] []
[2018-04-11 11:20:58] Laboration 1.INFO: hello oscar! what a beautiful name [] []
[2018-04-11 11:21:07] Laboration 1.INFO: hello oscar! what a beautiful name [] []
[2018-04-11 11:21:12] Laboration 1.INFO: hello oscar! what a beautiful name [] []
[2018-04-11 11:21:14] Laboration 1.INFO: hello oscar! what a beautiful name [] []
[2018-04-11 11:23:38] Laboration 1.INFO: hello oscar! what a beautiful name [] []
[2018-04-11 11:23:40] Laboration 1.INFO: hello oscar! what a beautiful name [] []
[2018-04-11 11:23:50] Laboration 1.INFO: hello oscar! what a beautiful name [] []
[2018-04-11 11:24:11] Laboration 1.INFO: hello oscar! what a beautiful name [] []
[2018-04-11 11:24:25] Laboration 1.INFO: hello oscar! what a beautiful name [] []
[2018-04-11 11:25:28] Laboration 1.INFO: hello oscar! what a beautiful name [] []
[2018-04-11 11:27:43] Laboration 1.INFO: hello oscar! what a beautiful name [] []
[2018-04-11 11:27:47] Laboration 1.INFO: hello oscar! what a beautiful name [] []
[2018-04-11 11:27:48] Laboration 1.INFO: hello oscar! what a beautiful name [] []
[2018-04-11 11:28:09] Laboration 1.INFO: hello oscar! what a beautiful name [] []
[2018-04-11 11:28:14] Laboration 1.INFO: hello oscar! what a beautiful name [] []
[2018-04-11 11:28:22] Laboration 1.INFO: hello oscar! what a beautiful name [] []
[2018-04-11 11:31:59] Laboration 1.INFO: hello oscar! what a beautiful name [] []
[2018-04-11 11:32:03] Laboration 1.INFO: hello oscar! what a beautiful name [] []
[2018-04-11 11:32:15] Laboration 1.INFO: hello oscar! what a beautiful name [] []
[2018-04-11 11:32:28] Laboration 1.INFO: hello oscar! what a beautiful name [] []
[2018-04-11 11:33:14] Laboration 1.INFO: hello oscar! what a beautiful name [] []
[2018-04-11 11:44:08] Laboration 1.INFO: hello oscar! what a beautiful name [] []
[2018-04-11 11:46:09] Laboration 1.INFO: hello oscar! what a beautiful name [] []
[2018-04-11 11:46:11] Laboration 1.INFO: hello oscar! what a beautiful name [] []
[2018-04-11 11:51:38] Laboration 1.INFO: hello oscar! what a beautiful name [] []
[2018-04-11 12:04:11] Laboration 1.INFO: hello oscar! what a beautiful name [] []
[2018-04-11 12:04:13] Laboration 1.INFO: hello oscar! what a beautiful name [] []
[2018-04-11 12:05:08] Laboration 1.INFO: hello oscar! what a beautiful name [] []
[2018-04-11 12:06:56] Laboration 1.INFO: hello oscar! what a beautiful name [] []
[2018-04-11 12:06:58] Laboration 1.INFO: hello oscar! what a beautiful name [] []
[2018-04-11 18:41:59] Laboration 1.INFO: hello oscar! what a beautiful name [] []
[2018-04-11 18:42:02] Laboration 1.INFO: hello oscar! what a beautiful name [] []
[2018-04-11 18:43:04] Laboration 1.INFO: hello oscar! what a beautiful name [] []
[2018-04-11 18:43:06] Laboration 1.INFO: hello oscar! what a beautiful name [] []
[2018-04-11 18:46:21] Laboration 1.INFO: hello oscar! what a beautiful name [] []
[2018-04-11 18:46:23] Laboration 1.INFO: hello oscar! what a beautiful name [] []
[2018-04-11 18:48:25] Laboration 1.INFO: hello oscar! what a beautiful name [] []
[2018-04-11 18:48:27] Laboration 1.INFO: hello oscar! what a beautiful name [] []
[2018-04-11 18:53:19] Laboration 1.INFO: hello oscar! what a beautiful name [] []
[2018-04-11 18:53:21] Laboration 1.INFO: hello oscar! what a beautiful name [] []
[2018-04-11 18:55:52] Laboration 1.INFO: hello oscar! what a beautiful name [] []
[2018-04-11 18:59:07] Laboration 1.INFO: hello oscar! what a beautiful name [] []
[2018-04-11 18:59:17] Laboration 1.INFO: hello oscar! what a beautiful name [] []
[2018-04-11 22:10:36] Laboration 1.INFO: hello oscar! what a beautiful name [] []
[2018-04-11 22:10:43] Laboration 1.INFO: hello oscar! what a beautiful name [] []
[2018-04-11 22:10:59] Laboration 1.INFO: hello oscar! what a beautiful name [] []
[2018-04-11 22:11:03] Laboration 1.INFO: hello oscar! what a beautiful name [] []
[2018-04-11 22:11:19] Laboration 1.INFO: hello oscar! what a beautiful name [] []
[2018-04-11 22:11:26] Laboration 1.INFO: hello oscar! what a beautiful name [] []
[2018-04-11 22:12:30] Laboration 1.INFO: hello oscar! what a beautiful name [] []
[2018-04-11 22:12:37] Laboration 1.INFO: hello oscar! what a beautiful name [] []
[2018-04-11 22:12:46] Laboration 1.INFO: hello oscar! what a beautiful name [] []
[2018-04-11 22:12:57] Laboration 1.INFO: hello oscar! what a beautiful name [] []
[2018-04-11 22:13:02] Laboration 1.INFO: hello oscar! what a beautiful name [] []
[2018-04-11 22:13:10] Laboration 1.INFO: hello oscar! what a beautiful name [] []
[2018-04-11 22:13:42] Laboration 1.INFO: hello oscar! what a beautiful name [] []
[2018-04-11 22:13:45] Laboration 1.INFO: hello oscar! what a beautiful name [] []
[2018-04-11 22:15:02] Unicorns.INFO: hello oscar! what a beautiful name [] []
[2018-04-11 22:15:05] Unicorns.INFO: hello oscar! what a beautiful name [] []
[2018-04-11 22:15:08] Unicorns.INFO: hello oscar! what a beautiful name [] []
[2018-04-11 22:15:10] Unicorns.INFO: hello oscar! what a beautiful name [] []
[2018-04-11 22:15:13] Unicorns.INFO: hello oscar! what a beautiful name [] []
[2018-04-11 22:29:13] Unicorns.INFO: Requested info about all unicorns [] []
[2018-04-11 22:29:26] Unicorns.INFO: Requested info about: Nordsvensk travhörning [] []
[2018-04-11 22:29:44] Unicorns.INFO: Requested info about all unicorns [] []
[2018-04-11 22:30:37] Unicorns.INFO: Requested info about: Nattaktiv hornlöpare [] []
[2018-04-11 22:30:46] Unicorns.INFO: Requested info about all unicorns [] []
[2018-04-11 22:31:03] Unicorns.INFO: Requested info about all unicorns [] []
[2018-04-11 22:44:01] Unicorns.INFO: Requested info about: Nordsvensk travhörning [] []
[2018-04-11 22:47:15] Unicorns.INFO: Requested info about all unicorns [] []
[2018-04-11 22:47:17] Unicorns.INFO: Requested info about: Nordsvensk travhörning [] []
[2018-04-11 22:48:21] Unicorns.INFO: Requested info about: Nordsvensk travhörning [] []
[2018-04-11 22:49:10] Unicorns.INFO: Requested info about: Nordsvensk travhörning [] []
[2018-04-11 22:49:17] Unicorns.INFO: Requested info about all unicorns [] []
[2018-04-11 22:49:19] Unicorns.INFO: Requested info about: Tordönsenhörning [] []
[2018-04-11 22:49:28] Unicorns.INFO: Requested info about all unicorns [] []
[2018-04-17 18:10:49] Unicorns.INFO: Requested info about all unicorns [] []
[2018-04-17 18:10:55] Unicorns.INFO: Requested info about: Nordsvensk travhörning [] []
[2018-04-17 18:10:59] Unicorns.INFO: Requested info about all unicorns [] []
[2018-04-17 18:11:03] Unicorns.INFO: Requested info about all unicorns [] []
[2018-04-17 18:14:47] Unicorns.INFO: Requested info about all unicorns [] []
[2018-04-17 18:14:55] Unicorns.INFO: Requested info about: Karibisk strandponny [] []
[2018-04-17 18:15:00] Unicorns.INFO: Requested info about all unicorns [] []
[2018-04-17 18:15:04] Unicorns.INFO: Requested info about: Nattaktiv hornlöpare [] []
[2018-04-17 18:15:07] Unicorns.INFO: Requested info about all unicorns [] []
[2018-04-17 18:15:16] Unicorns.INFO: Requested info about: Nordsvensk travhörning [] []
[2018-04-17 18:15:21] Unicorns.INFO: Requested info about: Småväxt enhörning [] []
[2018-04-17 18:15:35] Unicorns.INFO: Requested info about all unicorns [] []
[2018-04-17 18:15:43] Unicorns.INFO: Requested info about all unicorns [] []
[2018-04-17 18:15:48] Unicorns.INFO: Requested info about:  [] []
[2018-04-17 18:15:52] Unicorns.INFO: Requested info about:  [] []
[2018-04-17 18:17:41] Unicorns.INFO: Requested info about all unicorns [] []
[2018-04-17 18:19:51] Unicorns.INFO: Requested info about all unicorns [] []
[2018-04-17 18:20:13] Unicorns.INFO: Requested info about all unicorns [] []
[2018-04-17 18:21:41] Unicorns.INFO: Requested info about all unicorns [] []
[2018-04-17 18:21:44] Unicorns.INFO: Requested info about all unicorns [] []
[2018-04-17 18:21:48] Unicorns.INFO: Requested info about:  [] []
[2018-04-17 18:22:03] Unicorns.INFO: Requested info about: Nordsvensk travhörning [] []
[2018-04-17 18:22:06] Unicorns.INFO: Requested info about:  [] []
[2018-04-17 18:22:10] Unicorns.INFO: Requested info about: Nordsvensk travhörning [] []
[2018-04-17 18:22:11] Unicorns.INFO: Requested info about all unicorns [] []
[2018-04-17 18:22:18] Unicorns.INFO: Requested info about:  [] []
[2018-04-17 18:26:07] Unicorns.INFO: Requested info about all unicorns [] []
[2018-04-17 18:26:13] Unicorns.INFO: Requested info about:  [] []
[2018-04-17 21:01:39] Unicorns.INFO: Requested info about all unicorns [] []
[2018-04-17 21:01:42] Unicorns.INFO: Requested info about:  [] []
[2018-04-17 21:02:26] Unicorns.INFO: Requested info about: Nordsvensk travhörning [] []
[2018-04-17 21:02:35] Unicorns.INFO: Requested info about: Nattaktiv hornlöpare [] []
[2018-04-17 21:02:37] Unicorns.INFO: Requested info about all unicorns [] []
[2018-04-17 21:02:48] Unicorns.INFO: Requested info about:  [] []
[2018-04-17 21:04:11] Unicorns.INFO: Requested info about all unicorns [] []
[2018-04-17 21:04:15] Unicorns.INFO: Requested info about:  [] []
[2018-04-17 21:04:54] Unicorns.INFO: Requested info about all unicorns [] []
[2018-04-17 21:04:56] Unicorns.INFO: Requested info about:  [] []
[2018-04-17 21:05:45] Unicorns.INFO: Requested info about:  [] []
[2018-04-17 21:07:47] Unicorns.INFO: Requested info about all unicorns [] []
[2018-04-17 21:07:50] Unicorns.INFO: Requested info about:  [] []
[2018-04-17 21:15:38] Unicorns.INFO: Requested info about all unicorns [] []
[2018-04-17 21:15:40] Unicorns.INFO: Requested info about:  [] []
[2018-04-17 21:17:14] Unicorns.INFO: Requested info about:  [] []
[2018-04-17 21:17:56] Unicorns.INFO: Requested info about:  [] []
[2018-04-17 21:18:10] Unicorns.INFO: Requested info about:  [] []
[2018-04-17 21:19:13] Unicorns.INFO: Requested info about:  [] []
[2018-04-17 21:19:48] Unicorns.INFO: Requested info about:  [] []
[2018-04-17 21:20:05] Unicorns.INFO: Requested info about: Nordsvensk travhörning [] []
[2018-04-17 21:21:04] Unicorns.INFO: Requested info about: Nordsvensk travhörning [] []
[2018-04-17 21:21:05] Unicorns.INFO: Requested info about all unicorns [] []
[2018-04-17 21:23:46] Unicorns.INFO: Requested info about all unicorns [] []
[2018-04-17 21:23:47] Unicorns.INFO: Requested info about all unicorns [] []
[2018-04-17 21:23:58] Unicorns.INFO: Requested info about all unicorns [] []
[2018-04-17 21:24:04] Unicorns.INFO: Requested info about: Nordsvensk travhörning [] []
[2018-04-17 21:24:06] Unicorns.INFO: Requested info about all unicorns [] []
[2018-04-17 21:24:08] Unicorns.INFO: Requested info about all unicorns [] []
[2018-04-17 21:24:13] Unicorns.INFO: Requested info about: Mulfläckad enhörning [] []
[2018-04-17 21:24:16] Unicorns.INFO: Requested info about all unicorns [] []
[2018-04-17 21:33:24] Unicorns.INFO: Requested info about all unicorns [] []
[2018-04-17 21:33:28] Unicorns.INFO: Requested info about: Karibisk strandponny [] []
[2018-04-17 21:33:34] Unicorns.INFO: Requested info about: Nordsvensk travhörning [] []
[2018-04-17 21:33:36] Unicorns.INFO: Requested info about all unicorns [] []
[2018-04-17 21:33:38] Unicorns.INFO: Requested info about all unicorns [] []
[2018-04-17 21:33:44] Unicorns.INFO: Requested info about all unicorns [] []
